<?xml version="1.0" encoding="UTF-8"?>
<!-- Generated by org.testng.reporters.JUnitXMLReporter -->
<testsuite hostname="LAPTOP-NIDHN7M2" ignored="0" name="EmployeesRestAPITest" tests="34" failures="2" timestamp="27 Jan 2021 23:44:21 GMT" time="22.159" errors="0">
  <testcase name="@BeforeClass deleteEmployee" time="0.688" classname="com.employeeapi.testCases.TC005_Delete_Employee_Record">
    <failure type="io.restassured.path.json.exception.JsonPathException" message="Failed to parse the JSON document">
      <![CDATA[io.restassured.path.json.exception.JsonPathException: Failed to parse the JSON document
at io.restassured.path.json.JsonPath$ExceptionCatcher.invoke(JsonPath.java:1002)
at io.restassured.path.json.JsonPath$4.doParseWith(JsonPath.java:967)
at io.restassured.path.json.JsonPath$JsonParser.parseWith(JsonPath.java:1047)
at io.restassured.path.json.JsonPath.get(JsonPath.java:202)
at com.employeeapi.testCases.TC005_Delete_Employee_Record.deleteEmployee(TC005_Delete_Employee_Record.java:48)
Caused by: groovy.json.JsonException: Lexing failed on line: 1, column: 1, while reading '<', no possible valid JSON value or punctuation could be recognized.
at groovy.json.JsonLexer.nextToken(JsonLexer.java:86)
at groovy.json.JsonLexer$nextToken.call(Unknown Source)
at org.codehaus.groovy.runtime.callsite.CallSiteArray.defaultCall(CallSiteArray.java:47)
at org.codehaus.groovy.runtime.callsite.AbstractCallSite.call(AbstractCallSite.java:115)
at org.codehaus.groovy.runtime.callsite.AbstractCallSite.call(AbstractCallSite.java:119)
at io.restassured.internal.path.json.ConfigurableJsonSlurper.parse(ConfigurableJsonSlurper.groovy:97)
at io.restassured.internal.path.json.ConfigurableJsonSlurper$parse.callCurrent(Unknown Source)
at org.codehaus.groovy.runtime.callsite.CallSiteArray.defaultCallCurrent(CallSiteArray.java:51)
at org.codehaus.groovy.runtime.callsite.AbstractCallSite.callCurrent(AbstractCallSite.java:156)
at org.codehaus.groovy.runtime.callsite.AbstractCallSite.callCurrent(AbstractCallSite.java:168)
at io.restassured.internal.path.json.ConfigurableJsonSlurper.parseText(ConfigurableJsonSlurper.groovy:83)
at io.restassured.path.json.JsonPath$4$1.method(JsonPath.java:965)
at io.restassured.path.json.JsonPath$ExceptionCatcher.invoke(JsonPath.java:1000)
... 33 more
... Removed 29 stack frames]]>
    </failure>
  </testcase> <!-- @BeforeClass deleteEmployee -->
  <testcase name="@AfterClass tearDown" time="0.0" classname="com.employeeapi.testCases.TC005_Delete_Employee_Record">
    <skipped/>
  </testcase> <!-- @AfterClass tearDown -->
  <testcase name="checkContentLenght" time="0.002" classname="com.employeeapi.testCases.TC001_Get_All_Employees"/>
  <testcase name="checkContentType" time="0.001" classname="com.employeeapi.testCases.TC001_Get_All_Employees"/>
  <testcase name="checkCookies" time="0.0" classname="com.employeeapi.testCases.TC001_Get_All_Employees"/>
  <testcase name="checkResponseTime" time="0.001" classname="com.employeeapi.testCases.TC001_Get_All_Employees"/>
  <testcase name="checkResposeBody" time="0.019" classname="com.employeeapi.testCases.TC001_Get_All_Employees"/>
  <testcase name="checkStatusCode" time="0.001" classname="com.employeeapi.testCases.TC001_Get_All_Employees"/>
  <testcase name="checkcontentEncoding" time="0.0" classname="com.employeeapi.testCases.TC001_Get_All_Employees"/>
  <testcase name="checkserverType" time="0.001" classname="com.employeeapi.testCases.TC001_Get_All_Employees"/>
  <testcase name="checkstatusLine" time="0.001" classname="com.employeeapi.testCases.TC001_Get_All_Employees"/>
  <testcase name="checkContentLenght" time="0.001" classname="com.employeeapi.testCases.TC002_Get_Single_Employee_Record"/>
  <testcase name="checkContentType" time="0.0" classname="com.employeeapi.testCases.TC002_Get_Single_Employee_Record"/>
  <testcase name="checkResponseTime" time="0.0" classname="com.employeeapi.testCases.TC002_Get_Single_Employee_Record"/>
  <testcase name="checkResposeBody" time="0.0" classname="com.employeeapi.testCases.TC002_Get_Single_Employee_Record"/>
  <testcase name="checkStatusCode" time="0.0" classname="com.employeeapi.testCases.TC002_Get_Single_Employee_Record"/>
  <testcase name="checkserverType" time="0.001" classname="com.employeeapi.testCases.TC002_Get_Single_Employee_Record"/>
  <testcase name="checkstatusLine" time="0.0" classname="com.employeeapi.testCases.TC002_Get_Single_Employee_Record"/>
  <testcase name="checkContentType" time="0.001" classname="com.employeeapi.testCases.TC003_Post_Employee_Record"/>
  <testcase name="checkResposeBody" time="0.001" classname="com.employeeapi.testCases.TC003_Post_Employee_Record"/>
  <testcase name="checkStatusCode" time="0.0" classname="com.employeeapi.testCases.TC003_Post_Employee_Record"/>
  <testcase name="checkcontentEncoding" time="0.0" classname="com.employeeapi.testCases.TC003_Post_Employee_Record">
    <failure type="java.lang.AssertionError" message="expected [gzip] but found [null]">
      <![CDATA[java.lang.AssertionError: expected [gzip] but found [null]
at com.employeeapi.testCases.TC003_Post_Employee_Record.checkcontentEncoding(TC003_Post_Employee_Record.java:108)
... Removed 34 stack frames]]>
    </failure>
  </testcase> <!-- checkcontentEncoding -->
  <testcase name="checkserverType" time="0.0" classname="com.employeeapi.testCases.TC003_Post_Employee_Record"/>
  <testcase name="checkstatusLine" time="0.0" classname="com.employeeapi.testCases.TC003_Post_Employee_Record"/>
  <testcase name="checkContentType" time="0.0" classname="com.employeeapi.testCases.TC004_Put_Employee_Record"/>
  <testcase name="checkResposeBody" time="0.001" classname="com.employeeapi.testCases.TC004_Put_Employee_Record"/>
  <testcase name="checkStatusCode" time="0.0" classname="com.employeeapi.testCases.TC004_Put_Employee_Record"/>
  <testcase name="checkcontentEncoding" time="0.0" classname="com.employeeapi.testCases.TC004_Put_Employee_Record">
    <failure type="java.lang.AssertionError" message="expected [gzip] but found [null]">
      <![CDATA[java.lang.AssertionError: expected [gzip] but found [null]
at com.employeeapi.testCases.TC004_Put_Employee_Record.checkcontentEncoding(TC004_Put_Employee_Record.java:108)
... Removed 34 stack frames]]>
    </failure>
  </testcase> <!-- checkcontentEncoding -->
  <testcase name="checkserverType" time="0.0" classname="com.employeeapi.testCases.TC004_Put_Employee_Record"/>
  <testcase name="checkstatusLine" time="0.0" classname="com.employeeapi.testCases.TC004_Put_Employee_Record"/>
  <testcase name="checkContentType" time="0.0" classname="com.employeeapi.testCases.TC005_Delete_Employee_Record">
    <skipped/>
  </testcase> <!-- checkContentType -->
  <testcase name="checkResposeBody" time="0.0" classname="com.employeeapi.testCases.TC005_Delete_Employee_Record">
    <skipped/>
  </testcase> <!-- checkResposeBody -->
  <testcase name="checkStatusCode" time="0.0" classname="com.employeeapi.testCases.TC005_Delete_Employee_Record">
    <skipped/>
  </testcase> <!-- checkStatusCode -->
  <testcase name="checkcontentEncoding" time="0.0" classname="com.employeeapi.testCases.TC005_Delete_Employee_Record">
    <skipped/>
  </testcase> <!-- checkcontentEncoding -->
  <testcase name="checkserverType" time="0.0" classname="com.employeeapi.testCases.TC005_Delete_Employee_Record">
    <skipped/>
  </testcase> <!-- checkserverType -->
  <testcase name="checkstatusLine" time="0.0" classname="com.employeeapi.testCases.TC005_Delete_Employee_Record">
    <skipped/>
  </testcase> <!-- checkstatusLine -->
</testsuite> <!-- EmployeesRestAPITest -->
